C51 COMPILER V9.53.0.0   EFM8BB3_TIMER0_8BITRELOAD                                         04/27/2017 17:01:56 PAGE 1   


C51 COMPILER V9.53.0.0, COMPILATION OF MODULE EFM8BB3_TIMER0_8BITRELOAD
OBJECT MODULE PLACED IN .\src/EFM8BB3_Timer0_8bitReload.OBJ
COMPILER INVOKED BY: Z:\Applications\Simplicity Studio.app\Contents\Eclipse\developer\toolchains\keil_8051\9.53\BIN\C51.
                    -exe /Users/camille/SimplicityStudio/v4_workspace/EFM8BB3_Timer0_8bitReload_3/src/EFM8BB3_Timer0_8bitReload.c OMF2 SMALL 
                    -DEBUG OBJECTEXTEND ROM(LARGE) WARNINGLEVEL(2) FLOATFUZZY(3) OPTIMIZE(8,SPEED) DEFINE(DEBUG=1) INTVECTOR(0X0000) INTPROMO
                    -TE INCDIR(/Users/camille/SimplicityStudio/v4_workspace/EFM8BB3_Timer0_8bitReload_3/inc;/Applications/Simplicity Studio.a
                    -pp/Contents/Eclipse/developer/sdks/8051/v4.0.3//Device/shared/si8051base;/Applications/Simplicity Studio.app/Contents/Ec
                    -lipse/developer/sdks/8051/v4.0.3//Device/EFM8BB3/inc) PRINT(.\src/EFM8BB3_Timer0_8bitReload.lst) COND PAGEWIDTH(120) PAG
                    -ELENGTH(65) OBJECT(.\src/EFM8BB3_Timer0_8bitReload.OBJ)

line level    source

   1          //-----------------------------------------------------------------------------
   2          // Includes
   3          //-----------------------------------------------------------------------------
   4          #include <SI_EFM8BB3_Register_Enums.h>
   5          #include "InitDevice.h"
   6          
   7          //-----------------------------------------------------------------------------
   8          // Pin Definitions
   9          //-----------------------------------------------------------------------------
  10          SI_SBIT (DISP_EN, SFR_P3, 4);          // Display Enable
  11          SI_SBIT (S1, SFR_P0, 2);
  12          SI_SBIT (S2, SFR_P0, 3);
  13          
  14          #define DISP_BC_DRIVEN   0             // 0 = Board Controller drives display
  15          #define DISP_EFM8_DRIVEN 1             // 1 = EFM8 drives display
  16          
  17          
  18          //-----------------------------------------------------------------------------
  19          // Main Routine
  20          //-----------------------------------------------------------------------------
  21          void main (void)
  22          {
  23   1         enter_DefaultMode_from_RESET();
  24   1      
  25   1         DISP_EN = DISP_BC_DRIVEN;           // EFM8 does not drive display
  26   1      
  27   1         IE_EA = 1;                          // Enable global interrupts
  28   1      
  29   1         while (1) {
  30   2                    // Wait for both switches to be released before re-enabling external interrupts
  31   2                    if ((S1 == 0) || (S2 == 0))
  32   2                    {
  33   3                       IE_EX0 = 0;
  34   3                       IE_EX1 = 0;
  35   3                    }
  36   2                    else {
  37   3                        IE_EX0 = 1;
  38   3                        IE_EX1 = 1;
  39   3                    }
  40   2         }
  41   1      }


MODULE INFORMATION:   STATIC OVERLAYABLE
   CODE SIZE        =     25    ----
   CONSTANT SIZE    =   ----    ----
   XDATA SIZE       =   ----    ----
   PDATA SIZE       =   ----    ----
   DATA SIZE        =   ----    ----
   IDATA SIZE       =   ----    ----
C51 COMPILER V9.53.0.0   EFM8BB3_TIMER0_8BITRELOAD                                         04/27/2017 17:01:56 PAGE 2   

   BIT SIZE         =   ----    ----
   EDATA SIZE       =   ----    ----
   HDATA SIZE       =   ----    ----
   XDATA CONST SIZE =   ----    ----
   FAR CONST SIZE   =   ----    ----
END OF MODULE INFORMATION.


C51 COMPILATION COMPLETE.  0 WARNING(S),  0 ERROR(S)
