C51 COMPILER V9.53.0.0   INTERRUPTS                                                        04/27/2017 17:01:56 PAGE 1   


C51 COMPILER V9.53.0.0, COMPILATION OF MODULE INTERRUPTS
OBJECT MODULE PLACED IN .\src/Interrupts.OBJ
COMPILER INVOKED BY: Z:\Applications\Simplicity Studio.app\Contents\Eclipse\developer\toolchains\keil_8051\9.53\BIN\C51.
                    -exe /Users/camille/SimplicityStudio/v4_workspace/EFM8BB3_Timer0_8bitReload_3/src/Interrupts.c OMF2 SMALL DEBUG OBJECTEXT
                    -END ROM(LARGE) WARNINGLEVEL(2) FLOATFUZZY(3) OPTIMIZE(8,SPEED) DEFINE(DEBUG=1) INTVECTOR(0X0000) INTPROMOTE INCDIR(/User
                    -s/camille/SimplicityStudio/v4_workspace/EFM8BB3_Timer0_8bitReload_3/inc;/Applications/Simplicity Studio.app/Contents/Ecl
                    -ipse/developer/sdks/8051/v4.0.3//Device/shared/si8051base;/Applications/Simplicity Studio.app/Contents/Eclipse/developer
                    -/sdks/8051/v4.0.3//Device/EFM8BB3/inc) PRINT(.\src/Interrupts.lst) COND PAGEWIDTH(120) PAGELENGTH(65) OBJECT(.\src/Inter
                    -rupts.OBJ)

line level    source

   1          
   2          #include <SI_EFM8BB3_Register_Enums.h>
   3          
   4          //-----------------------------------------------------------------------------
   5          // Global Constants
   6          //-----------------------------------------------------------------------------
   7          // Configurator set for HFOSC0/8
   8          #define SYSCLK             3062000
   9          
  10          // Configurator set for timer overflow every 100 ms / 10 Hz.
  11          #define TOGGLE_RATE           100      // toggle rate in milliseconds
  12          
  13          //-----------------------------------------------------------------------------
  14          // Pin Definitions
  15          //-----------------------------------------------------------------------------
  16          SI_SBIT (LED_GREEN, SFR_P1, 4);           // green LED
  17          SI_SBIT (LED_BLUE,  SFR_P1, 5);           // blue LED
  18          SI_SBIT (LED_RED,  SFR_P1, 6);           // red LED
  19          
  20          //-----------------------------------------------------------------------------
  21          // Globals
  22          //-----------------------------------------------------------------------------
  23          uint16_t totalTime = 0;
  24          bool timerOn = false;
  25          uint16_t lapTimes[10];
  26          uint16_t lap = 0;
  27          
  28          //-----------------------------------------------------------------------------
  29          // TIMER0_ISR - timer overflow interrupt
  30          //-----------------------------------------------------------------------------
  31          SI_INTERRUPT (TIMER0_ISR, TIMER0_IRQn)
  32          {
  33   1         static uint16_t counter = 0;
  34   1      
  35   1         counter++;
  36   1      
  37   1         if(counter == TOGGLE_RATE)
  38   1         {
  39   2                LED_GREEN = !LED_GREEN;
  40   2                totalTime++;
  41   2                counter = 0;
  42   2         }
  43   1      }
  44          
  45          //-----------------------------------------------------------------------------
  46          // INT0_ISR - lap interrupt
  47          //-----------------------------------------------------------------------------
  48          SI_INTERRUPT (INT0_ISR, INT0_IRQn)
  49          {
  50   1        LED_BLUE = !LED_BLUE;
C51 COMPILER V9.53.0.0   INTERRUPTS                                                        04/27/2017 17:01:56 PAGE 2   

  51   1        lapTimes[lap] = totalTime;
  52   1        lap++;
  53   1      }
  54          
  55          //-----------------------------------------------------------------------------
  56          // INT1_ISR - start/stop interrupt
  57          //-----------------------------------------------------------------------------
  58          SI_INTERRUPT (INT1_ISR, INT1_IRQn)
  59          {
  60   1         IE_ET0 = !IE_ET0;
  61   1      }
  62          


MODULE INFORMATION:   STATIC OVERLAYABLE
   CODE SIZE        =     85    ----
   CONSTANT SIZE    =   ----    ----
   XDATA SIZE       =   ----    ----
   PDATA SIZE       =   ----    ----
   DATA SIZE        =     26    ----
   IDATA SIZE       =   ----    ----
   BIT SIZE         =      1    ----
   EDATA SIZE       =   ----    ----
   HDATA SIZE       =   ----    ----
   XDATA CONST SIZE =   ----    ----
   FAR CONST SIZE   =   ----    ----
END OF MODULE INFORMATION.


C51 COMPILATION COMPLETE.  0 WARNING(S),  0 ERROR(S)
